<?xml version="1.0" encoding="UTF-8"?>
<!-- Generated by org.testng.reporters.JUnitReportReporter -->
<testsuite hostname="DESKTOP-GGGNJEM" failures="0" tests="1" name="com.herokuapp.theinternet.login.LoginTests" time="8.497" errors="0" timestamp="2023-08-01T07:37:28 ACST" skipped="0">
  <testcase classname="com.herokuapp.theinternet.login.LoginTests" name="positiveLoginTest" time="8.497"/>
</testsuite> <!-- com.herokuapp.theinternet.login.LoginTests -->
